<?xml version="1.0" encoding="UTF-8"?>
<testsuite xmlns:xsi="http://www.w3.org/2001/XMLSchema-instance" xsi:noNamespaceSchemaLocation="https://maven.apache.org/surefire/maven-surefire-plugin/xsd/surefire-test-report.xsd" name="com.epitech.pictsmanager.PictsmanagerApplicationTests" time="2.826" tests="1" errors="0" skipped="0" failures="0">
  <properties>
    <property name="java.specification.version" value="17"/>
    <property name="sun.cpu.isalist" value="amd64"/>
    <property name="sun.jnu.encoding" value="Cp1252"/>
    <property name="java.class.path" value="C:\Users\vikne\eclipse-workspace3\pictsmanager\target\test-classes;C:\Users\vikne\eclipse-workspace3\pictsmanager\target\classes;C:\path\to\local\repo\org\springframework\boot\spring-boot-starter\2.6.4\spring-boot-starter-2.6.4.jar;C:\path\to\local\repo\org\springframework\boot\spring-boot\2.6.4\spring-boot-2.6.4.jar;C:\path\to\local\repo\org\springframework\spring-context\5.3.16\spring-context-5.3.16.jar;C:\path\to\local\repo\org\springframework\spring-aop\5.3.16\spring-aop-5.3.16.jar;C:\path\to\local\repo\org\springframework\spring-beans\5.3.16\spring-beans-5.3.16.jar;C:\path\to\local\repo\org\springframework\spring-expression\5.3.16\spring-expression-5.3.16.jar;C:\path\to\local\repo\org\springframework\boot\spring-boot-autoconfigure\2.6.4\spring-boot-autoconfigure-2.6.4.jar;C:\path\to\local\repo\org\springframework\boot\spring-boot-starter-logging\2.6.4\spring-boot-starter-logging-2.6.4.jar;C:\path\to\local\repo\ch\qos\logback\logback-classic\1.2.10\logback-classic-1.2.10.jar;C:\path\to\local\repo\ch\qos\logback\logback-core\1.2.10\logback-core-1.2.10.jar;C:\path\to\local\repo\org\apache\logging\log4j\log4j-to-slf4j\2.17.1\log4j-to-slf4j-2.17.1.jar;C:\path\to\local\repo\org\apache\logging\log4j\log4j-api\2.17.1\log4j-api-2.17.1.jar;C:\path\to\local\repo\org\slf4j\jul-to-slf4j\1.7.36\jul-to-slf4j-1.7.36.jar;C:\path\to\local\repo\jakarta\annotation\jakarta.annotation-api\1.3.5\jakarta.annotation-api-1.3.5.jar;C:\path\to\local\repo\org\springframework\spring-core\5.3.16\spring-core-5.3.16.jar;C:\path\to\local\repo\org\springframework\spring-jcl\5.3.16\spring-jcl-5.3.16.jar;C:\path\to\local\repo\org\yaml\snakeyaml\1.29\snakeyaml-1.29.jar;C:\path\to\local\repo\org\springframework\boot\spring-boot-devtools\2.6.4\spring-boot-devtools-2.6.4.jar;C:\path\to\local\repo\org\projectlombok\lombok\1.18.22\lombok-1.18.22.jar;C:\path\to\local\repo\org\springframework\boot\spring-boot-starter-test\2.6.4\spring-boot-starter-test-2.6.4.jar;C:\path\to\local\repo\org\springframework\boot\spring-boot-test\2.6.4\spring-boot-test-2.6.4.jar;C:\path\to\local\repo\org\springframework\boot\spring-boot-test-autoconfigure\2.6.4\spring-boot-test-autoconfigure-2.6.4.jar;C:\path\to\local\repo\com\jayway\jsonpath\json-path\2.6.0\json-path-2.6.0.jar;C:\path\to\local\repo\net\minidev\json-smart\2.4.8\json-smart-2.4.8.jar;C:\path\to\local\repo\net\minidev\accessors-smart\2.4.8\accessors-smart-2.4.8.jar;C:\path\to\local\repo\org\ow2\asm\asm\9.1\asm-9.1.jar;C:\path\to\local\repo\org\slf4j\slf4j-api\1.7.36\slf4j-api-1.7.36.jar;C:\path\to\local\repo\jakarta\xml\bind\jakarta.xml.bind-api\2.3.3\jakarta.xml.bind-api-2.3.3.jar;C:\path\to\local\repo\jakarta\activation\jakarta.activation-api\1.2.2\jakarta.activation-api-1.2.2.jar;C:\path\to\local\repo\org\assertj\assertj-core\3.21.0\assertj-core-3.21.0.jar;C:\path\to\local\repo\org\hamcrest\hamcrest\2.2\hamcrest-2.2.jar;C:\path\to\local\repo\org\junit\jupiter\junit-jupiter\5.8.2\junit-jupiter-5.8.2.jar;C:\path\to\local\repo\org\junit\jupiter\junit-jupiter-api\5.8.2\junit-jupiter-api-5.8.2.jar;C:\path\to\local\repo\org\opentest4j\opentest4j\1.2.0\opentest4j-1.2.0.jar;C:\path\to\local\repo\org\junit\platform\junit-platform-commons\1.8.2\junit-platform-commons-1.8.2.jar;C:\path\to\local\repo\org\apiguardian\apiguardian-api\1.1.2\apiguardian-api-1.1.2.jar;C:\path\to\local\repo\org\junit\jupiter\junit-jupiter-params\5.8.2\junit-jupiter-params-5.8.2.jar;C:\path\to\local\repo\org\junit\jupiter\junit-jupiter-engine\5.8.2\junit-jupiter-engine-5.8.2.jar;C:\path\to\local\repo\org\junit\platform\junit-platform-engine\1.8.2\junit-platform-engine-1.8.2.jar;C:\path\to\local\repo\org\mockito\mockito-core\4.0.0\mockito-core-4.0.0.jar;C:\path\to\local\repo\net\bytebuddy\byte-buddy\1.11.22\byte-buddy-1.11.22.jar;C:\path\to\local\repo\net\bytebuddy\byte-buddy-agent\1.11.22\byte-buddy-agent-1.11.22.jar;C:\path\to\local\repo\org\objenesis\objenesis\3.2\objenesis-3.2.jar;C:\path\to\local\repo\org\mockito\mockito-junit-jupiter\4.0.0\mockito-junit-jupiter-4.0.0.jar;C:\path\to\local\repo\org\skyscreamer\jsonassert\1.5.0\jsonassert-1.5.0.jar;C:\path\to\local\repo\com\vaadin\external\google\android-json\0.0.20131108.vaadin1\android-json-0.0.20131108.vaadin1.jar;C:\path\to\local\repo\org\springframework\spring-test\5.3.16\spring-test-5.3.16.jar;C:\path\to\local\repo\org\xmlunit\xmlunit-core\2.8.4\xmlunit-core-2.8.4.jar;"/>
    <property name="java.vm.vendor" value="Oracle Corporation"/>
    <property name="sun.arch.data.model" value="64"/>
    <property name="user.variant" value=""/>
    <property name="java.vendor.url" value="https://java.oracle.com/"/>
    <property name="user.timezone" value="Europe/Paris"/>
    <property name="os.name" value="Windows 11"/>
    <property name="java.vm.specification.version" value="17"/>
    <property name="sun.java.launcher" value="SUN_STANDARD"/>
    <property name="user.country" value="FR"/>
    <property name="sun.boot.library.path" value="C:\Program Files\Java\jdk-17.0.10\bin"/>
    <property name="sun.java.command" value="C:\Users\vikne\AppData\Local\Temp\surefire15604891795335838999\surefirebooter5829706304889178599.jar C:\Users\vikne\AppData\Local\Temp\surefire15604891795335838999 2024-03-19T16-27-34_169-jvmRun1 surefire6850059137239680638tmp surefire_07264308231556670882tmp"/>
    <property name="jdk.debug" value="release"/>
    <property name="surefire.test.class.path" value="C:\Users\vikne\eclipse-workspace3\pictsmanager\target\test-classes;C:\Users\vikne\eclipse-workspace3\pictsmanager\target\classes;C:\path\to\local\repo\org\springframework\boot\spring-boot-starter\2.6.4\spring-boot-starter-2.6.4.jar;C:\path\to\local\repo\org\springframework\boot\spring-boot\2.6.4\spring-boot-2.6.4.jar;C:\path\to\local\repo\org\springframework\spring-context\5.3.16\spring-context-5.3.16.jar;C:\path\to\local\repo\org\springframework\spring-aop\5.3.16\spring-aop-5.3.16.jar;C:\path\to\local\repo\org\springframework\spring-beans\5.3.16\spring-beans-5.3.16.jar;C:\path\to\local\repo\org\springframework\spring-expression\5.3.16\spring-expression-5.3.16.jar;C:\path\to\local\repo\org\springframework\boot\spring-boot-autoconfigure\2.6.4\spring-boot-autoconfigure-2.6.4.jar;C:\path\to\local\repo\org\springframework\boot\spring-boot-starter-logging\2.6.4\spring-boot-starter-logging-2.6.4.jar;C:\path\to\local\repo\ch\qos\logback\logback-classic\1.2.10\logback-classic-1.2.10.jar;C:\path\to\local\repo\ch\qos\logback\logback-core\1.2.10\logback-core-1.2.10.jar;C:\path\to\local\repo\org\apache\logging\log4j\log4j-to-slf4j\2.17.1\log4j-to-slf4j-2.17.1.jar;C:\path\to\local\repo\org\apache\logging\log4j\log4j-api\2.17.1\log4j-api-2.17.1.jar;C:\path\to\local\repo\org\slf4j\jul-to-slf4j\1.7.36\jul-to-slf4j-1.7.36.jar;C:\path\to\local\repo\jakarta\annotation\jakarta.annotation-api\1.3.5\jakarta.annotation-api-1.3.5.jar;C:\path\to\local\repo\org\springframework\spring-core\5.3.16\spring-core-5.3.16.jar;C:\path\to\local\repo\org\springframework\spring-jcl\5.3.16\spring-jcl-5.3.16.jar;C:\path\to\local\repo\org\yaml\snakeyaml\1.29\snakeyaml-1.29.jar;C:\path\to\local\repo\org\springframework\boot\spring-boot-devtools\2.6.4\spring-boot-devtools-2.6.4.jar;C:\path\to\local\repo\org\projectlombok\lombok\1.18.22\lombok-1.18.22.jar;C:\path\to\local\repo\org\springframework\boot\spring-boot-starter-test\2.6.4\spring-boot-starter-test-2.6.4.jar;C:\path\to\local\repo\org\springframework\boot\spring-boot-test\2.6.4\spring-boot-test-2.6.4.jar;C:\path\to\local\repo\org\springframework\boot\spring-boot-test-autoconfigure\2.6.4\spring-boot-test-autoconfigure-2.6.4.jar;C:\path\to\local\repo\com\jayway\jsonpath\json-path\2.6.0\json-path-2.6.0.jar;C:\path\to\local\repo\net\minidev\json-smart\2.4.8\json-smart-2.4.8.jar;C:\path\to\local\repo\net\minidev\accessors-smart\2.4.8\accessors-smart-2.4.8.jar;C:\path\to\local\repo\org\ow2\asm\asm\9.1\asm-9.1.jar;C:\path\to\local\repo\org\slf4j\slf4j-api\1.7.36\slf4j-api-1.7.36.jar;C:\path\to\local\repo\jakarta\xml\bind\jakarta.xml.bind-api\2.3.3\jakarta.xml.bind-api-2.3.3.jar;C:\path\to\local\repo\jakarta\activation\jakarta.activation-api\1.2.2\jakarta.activation-api-1.2.2.jar;C:\path\to\local\repo\org\assertj\assertj-core\3.21.0\assertj-core-3.21.0.jar;C:\path\to\local\repo\org\hamcrest\hamcrest\2.2\hamcrest-2.2.jar;C:\path\to\local\repo\org\junit\jupiter\junit-jupiter\5.8.2\junit-jupiter-5.8.2.jar;C:\path\to\local\repo\org\junit\jupiter\junit-jupiter-api\5.8.2\junit-jupiter-api-5.8.2.jar;C:\path\to\local\repo\org\opentest4j\opentest4j\1.2.0\opentest4j-1.2.0.jar;C:\path\to\local\repo\org\junit\platform\junit-platform-commons\1.8.2\junit-platform-commons-1.8.2.jar;C:\path\to\local\repo\org\apiguardian\apiguardian-api\1.1.2\apiguardian-api-1.1.2.jar;C:\path\to\local\repo\org\junit\jupiter\junit-jupiter-params\5.8.2\junit-jupiter-params-5.8.2.jar;C:\path\to\local\repo\org\junit\jupiter\junit-jupiter-engine\5.8.2\junit-jupiter-engine-5.8.2.jar;C:\path\to\local\repo\org\junit\platform\junit-platform-engine\1.8.2\junit-platform-engine-1.8.2.jar;C:\path\to\local\repo\org\mockito\mockito-core\4.0.0\mockito-core-4.0.0.jar;C:\path\to\local\repo\net\bytebuddy\byte-buddy\1.11.22\byte-buddy-1.11.22.jar;C:\path\to\local\repo\net\bytebuddy\byte-buddy-agent\1.11.22\byte-buddy-agent-1.11.22.jar;C:\path\to\local\repo\org\objenesis\objenesis\3.2\objenesis-3.2.jar;C:\path\to\local\repo\org\mockito\mockito-junit-jupiter\4.0.0\mockito-junit-jupiter-4.0.0.jar;C:\path\to\local\repo\org\skyscreamer\jsonassert\1.5.0\jsonassert-1.5.0.jar;C:\path\to\local\repo\com\vaadin\external\google\android-json\0.0.20131108.vaadin1\android-json-0.0.20131108.vaadin1.jar;C:\path\to\local\repo\org\springframework\spring-test\5.3.16\spring-test-5.3.16.jar;C:\path\to\local\repo\org\xmlunit\xmlunit-core\2.8.4\xmlunit-core-2.8.4.jar;"/>
    <property name="sun.cpu.endian" value="little"/>
    <property name="user.home" value="C:\Users\vikne"/>
    <property name="user.language" value="fr"/>
    <property name="java.specification.vendor" value="Oracle Corporation"/>
    <property name="java.version.date" value="2024-01-16"/>
    <property name="java.home" value="C:\Program Files\Java\jdk-17.0.10"/>
    <property name="file.separator" value="\"/>
    <property name="style.color" value="always"/>
    <property name="basedir" value="C:\Users\vikne\eclipse-workspace3\pictsmanager"/>
    <property name="java.vm.compressedOopsMode" value="32-bit"/>
    <property name="line.separator" value="&#10;"/>
    <property name="java.vm.specification.vendor" value="Oracle Corporation"/>
    <property name="java.specification.name" value="Java Platform API Specification"/>
    <property name="surefire.real.class.path" value="C:\Users\vikne\AppData\Local\Temp\surefire15604891795335838999\surefirebooter5829706304889178599.jar"/>
    <property name="user.script" value=""/>
    <property name="sun.management.compiler" value="HotSpot 64-Bit Tiered Compilers"/>
    <property name="java.runtime.version" value="17.0.10+11-LTS-240"/>
    <property name="user.name" value="vikne"/>
    <property name="path.separator" value=";"/>
    <property name="os.version" value="10.0"/>
    <property name="java.runtime.name" value="Java(TM) SE Runtime Environment"/>
    <property name="file.encoding" value="Cp1252"/>
    <property name="java.vm.name" value="Java HotSpot(TM) 64-Bit Server VM"/>
    <property name="localRepository" value="C:\path\to\local\repo"/>
    <property name="java.vendor.url.bug" value="https://bugreport.java.com/bugreport/"/>
    <property name="java.io.tmpdir" value="C:\Users\vikne\AppData\Local\Temp\"/>
    <property name="java.version" value="17.0.10"/>
    <property name="user.dir" value="C:\Users\vikne\eclipse-workspace3\pictsmanager"/>
    <property name="os.arch" value="amd64"/>
    <property name="java.vm.specification.name" value="Java Virtual Machine Specification"/>
    <property name="sun.os.patch.level" value=""/>
    <property name="native.encoding" value="Cp1252"/>
    <property name="java.library.path" value="C:\Program Files\Java\jdk-17.0.10\bin;C:\WINDOWS\Sun\Java\bin;C:\WINDOWS\system32;C:\WINDOWS;C:/Program Files/Java/jdk-17.0.10/bin/server;C:/Program Files/Java/jdk-17.0.10/bin;C:\Program Files\Java\jdk-17.0.10\bin;C:\Program Files\Java\jdk-11.0.13\bin;C:\Program Files\Common Files\Oracle\Java\javapath;C:\WINDOWS\system32;C:\WINDOWS;C:\WINDOWS\System32\Wbem;C:\WINDOWS\System32\WindowsPowerShell\v1.0\;C:\WINDOWS\System32\OpenSSH\;C:\Program Files\Git\cmd;C:\Program Files\Git\mingw64\bin;C:\Program Files\Git\usr\bin;C:\MinGW\bin;C:\Program Files\Erlang OTP\bin;C:\Program Files (x86)\Elixir\bin;C:\WINDOWS\system32\config\systemprofile\.mix\escripts;C:\Program Files\Docker\Docker\resources\bin;C:\Program Files\Gradle\gradle-8.4\bin;C:\Users\vikne\AppData\Local\Android\Sdk\tools\bin;C:\Program Files\dotnet\;C:\ProgramData\chocolatey\bin;C:\HashiCorp\Vagrant\bin;C:\ProgramData\chocolatey\lib\maven\apache-maven-3.9.6\bin;C:\Program Files\Amazon\AWSCLIV2\;C:\Users\vikne\AppData\Roaming\nvm;C:\Program Files\nodejs;C:\Program Files\php-7.4.0;C:\ProgramData\ComposerSetup\bin;C:\Program Files\MySQL\MySQL Server 8.0\bin;C:\Program Files\apache-maven-3.9.4\bin;C:\Program Files\MySQL\MySQL Shell 8.0\bin\;C:\Users\vikne\AppData\Local\Programs\Python\Python312\Scripts\;C:\Users\vikne\AppData\Local\Programs\Python\Python312;C:\Users\vikne\AppData\Local\Programs\Python\Launcher\;C:\Program Files\Elixir\bin;C:\Program Files\Erlang OTP\bin;C:\Users\vikne\AppData\Local\Microsoft\WindowsApps;C:\Users\vikne\Downloads\PyCharm Community Edition 2020.2.2\bin;C:\Program Files\JetBrains\IntelliJ IDEA Community Edition 2021.2.1\bin;C:\Users\vikne\AppData\Local\Programs\Microsoft VS Code\bin;C:\Program Files\postgresql\12\bin;C:\Users\vikne\AppData\Local\Microsoft\WindowsApps;C:\Users\vikne\AppData\Roaming\nvm;C:\Program Files\nodejs;;C:\Program Files\JetBrains\PhpStorm 2023.3.4\bin;;C:\Users\vikne\AppData\Roaming\Composer\vendor\bin;C:\WINDOWS\system32;;."/>
    <property name="java.vm.info" value="mixed mode, sharing"/>
    <property name="java.vendor" value="Oracle Corporation"/>
    <property name="java.vm.version" value="17.0.10+11-LTS-240"/>
    <property name="sun.io.unicode.encoding" value="UnicodeLittle"/>
    <property name="java.class.version" value="61.0"/>
  </properties>
  <testcase name="contextLoads" classname="com.epitech.pictsmanager.PictsmanagerApplicationTests" time="0.676"/>
</testsuite>